<?xml version="1.0" encoding="UTF-8"?>
<!-- Generated by org.testng.reporters.JUnitXMLReporter -->
<testsuite ignored="0" hostname="Sachin-Sharma" failures="0" tests="16" name="Regression Test" time="0.213" errors="0" timestamp="2023-09-18T23:13:58 IST">
  <testcase classname="com.qa.testngsessions.InvocationCount" name="createUser" time="0.012"/>
  <testcase classname="com.qa.testngsessions.InvocationCount" name="createUser" time="0.003"/>
  <testcase classname="com.qa.testngsessions.InvocationCount" name="createUser" time="0.001"/>
  <testcase classname="com.qa.testngsessions.InvocationCount" name="createUser" time="0.003"/>
  <testcase classname="com.qa.testngsessions.InvocationCount" name="createUser" time="0.002"/>
  <testcase classname="com.qa.testngsessions.InvocationCount" name="createUser" time="0.002"/>
  <testcase classname="com.qa.testngsessions.InvocationCount" name="createUser" time="0.003"/>
  <testcase classname="com.qa.testngsessions.InvocationCount" name="createUser" time="0.001"/>
  <testcase classname="com.qa.testngsessions.InvocationCount" name="createUser" time="0.002"/>
  <testcase classname="com.qa.testngsessions.InvocationCount" name="createUser" time="0.003"/>
  <testcase classname="com.qa.testngsessions.PriorityTest" name="test1" time="0.002"/>
  <testcase classname="com.qa.testngsessions.PriorityTest" name="test4" time="0.001"/>
  <testcase classname="com.qa.testngsessions.PriorityTest" name="test5" time="0.004"/>
  <testcase classname="com.qa.testngsessions.PriorityTest" name="test2" time="0.001"/>
  <testcase classname="com.qa.testngsessions.PriorityTest" name="test3" time="0.002"/>
  <testcase classname="com.qa.testngsessions.ExpectedExceptionConcept" name="loginTest" time="0.01"/>
</testsuite> <!-- Regression Test -->
