<?xml version="1.0" encoding="UTF-8"?>
<testng-results ignored="0" total="2" passed="2" failed="0" skipped="0">
  <reporter-output>
  </reporter-output>
  <suite started-at="2023-09-20T21:02:18 IST" name="Default suite" finished-at="2023-09-20T21:03:10 IST" duration-ms="51678">
    <groups>
    </groups>
    <test started-at="2023-09-20T21:02:18 IST" name="Default test" finished-at="2023-09-20T21:03:10 IST" duration-ms="51678">
      <class name="com.qa.dataprovider.DataProviderConcept2">
        <test-method is-config="true" signature="setUp()[pri:0, instance:com.qa.dataprovider.DataProviderConcept2@402c4085]" started-at="2023-09-20T21:02:19 IST" name="setUp" finished-at="2023-09-20T21:02:37 IST" duration-ms="17443" status="PASS">
          <reporter-output>
          </reporter-output>
        </test-method> <!-- setUp -->
        <test-method signature="loginTest(java.lang.String,java.lang.String)[pri:0, instance:com.qa.dataprovider.DataProviderConcept2@402c4085]" started-at="2023-09-20T21:02:37 IST" name="loginTest" data-provider="getTestData" finished-at="2023-09-20T21:02:48 IST" duration-ms="11311" status="PASS">
          <params>
            <param index="0">
              <value>
                <![CDATA[sachinsharma263@gmail.com]]>
              </value>
            </param>
            <param index="1">
              <value>
                <![CDATA[swift2994]]>
              </value>
            </param>
          </params>
          <reporter-output>
          </reporter-output>
        </test-method> <!-- loginTest -->
        <test-method is-config="true" signature="afterMethod()[pri:0, instance:com.qa.dataprovider.DataProviderConcept2@402c4085]" started-at="2023-09-20T21:02:48 IST" name="afterMethod" finished-at="2023-09-20T21:02:48 IST" duration-ms="332" status="PASS">
          <reporter-output>
          </reporter-output>
        </test-method> <!-- afterMethod -->
        <test-method is-config="true" signature="setUp()[pri:0, instance:com.qa.dataprovider.DataProviderConcept2@402c4085]" started-at="2023-09-20T21:02:48 IST" name="setUp" finished-at="2023-09-20T21:02:59 IST" duration-ms="10376" status="PASS">
          <reporter-output>
          </reporter-output>
        </test-method> <!-- setUp -->
        <test-method signature="loginTest(java.lang.String,java.lang.String)[pri:0, instance:com.qa.dataprovider.DataProviderConcept2@402c4085]" started-at="2023-09-20T21:02:59 IST" name="loginTest" data-provider="getTestData" finished-at="2023-09-20T21:03:09 IST" duration-ms="10424" status="PASS">
          <params>
            <param index="0">
              <value>
                <![CDATA[sachinsharma263@gmail.com]]>
              </value>
            </param>
            <param index="1">
              <value>
                <![CDATA[swift2994]]>
              </value>
            </param>
          </params>
          <reporter-output>
          </reporter-output>
        </test-method> <!-- loginTest -->
        <test-method is-config="true" signature="afterMethod()[pri:0, instance:com.qa.dataprovider.DataProviderConcept2@402c4085]" started-at="2023-09-20T21:03:09 IST" name="afterMethod" finished-at="2023-09-20T21:03:10 IST" duration-ms="577" status="PASS">
          <reporter-output>
          </reporter-output>
        </test-method> <!-- afterMethod -->
      </class> <!-- com.qa.dataprovider.DataProviderConcept2 -->
    </test> <!-- Default test -->
  </suite> <!-- Default suite -->
</testng-results>
