<?xml version="1.0" encoding="UTF-8"?>
<!-- Generated by org.testng.reporters.JUnitXMLReporter -->
<testsuite hostname="Sachin-Sharma" ignored="1" name="login test" tests="2" failures="0" timestamp="20 Feb 2022 07:24:09 GMT" time="47.304" errors="0">
  <testcase name="verifyLoginPageTitle" time="0.151" classname="com.qa.tests.LoginPageTest"/>
  <testcase name="loginTest" time="33.063" classname="com.qa.tests.LoginPageTest"/>
  <testcase name="signUpNowLinkTest" time="0.0" classname="com.qa.tests.LoginPageTest">
    <ignored/>
  </testcase> <!-- signUpNowLinkTest -->
</testsuite> <!-- login test -->
