<?xml version="1.0" encoding="UTF-8"?>
<!-- Generated by org.testng.reporters.JUnitXMLReporter -->
<testsuite hostname="Sachin-Sharma" ignored="0" name="trcrm test" tests="4" failures="0" timestamp="19 Feb 2022 14:54:07 GMT" time="40.6" errors="0">
  <testcase name="signUpLinkTest" time="1.866" classname="com.qa.tests.SignUpTest"/>
  <testcase name="signUpNowLinkTest" time="0.235" classname="com.qa.tests.LoginPageTest"/>
  <testcase name="verifyLoginPageTitle" time="0.019" classname="com.qa.tests.LoginPageTest"/>
  <testcase name="loginTest" time="12.465" classname="com.qa.tests.LoginPageTest"/>
</testsuite> <!-- trcrm test -->
