<?xml version="1.0" encoding="UTF-8"?>
<!-- Generated by org.testng.reporters.JUnitXMLReporter -->
<testsuite ignored="0" hostname="Sachin-Sharma" failures="0" tests="15" name="Sanity test" time="0.217" errors="0" timestamp="2023-09-18T23:06:43 IST">
  <testcase classname="com.qa.testngsessions.InvocationCount" name="createUser" time="0.02"/>
  <testcase classname="com.qa.testngsessions.InvocationCount" name="createUser" time="0.002"/>
  <testcase classname="com.qa.testngsessions.InvocationCount" name="createUser" time="0.004"/>
  <testcase classname="com.qa.testngsessions.InvocationCount" name="createUser" time="0.002"/>
  <testcase classname="com.qa.testngsessions.InvocationCount" name="createUser" time="0.001"/>
  <testcase classname="com.qa.testngsessions.InvocationCount" name="createUser" time="0.002"/>
  <testcase classname="com.qa.testngsessions.InvocationCount" name="createUser" time="0.001"/>
  <testcase classname="com.qa.testngsessions.InvocationCount" name="createUser" time="0.002"/>
  <testcase classname="com.qa.testngsessions.InvocationCount" name="createUser" time="0.002"/>
  <testcase classname="com.qa.testngsessions.InvocationCount" name="createUser" time="0.002"/>
  <testcase classname="com.qa.testngsessions.PriorityTest" name="test1" time="0.001"/>
  <testcase classname="com.qa.testngsessions.PriorityTest" name="test4" time="0.001"/>
  <testcase classname="com.qa.testngsessions.PriorityTest" name="test5" time="0.004"/>
  <testcase classname="com.qa.testngsessions.PriorityTest" name="test2" time="0.004"/>
  <testcase classname="com.qa.testngsessions.PriorityTest" name="test3" time="0.003"/>
</testsuite> <!-- Sanity test -->
