<?xml version="1.0" encoding="UTF-8"?>
<!-- Generated by org.testng.reporters.JUnitXMLReporter -->
<testsuite hostname="Sachin-Sharma" ignored="1" name="login test" tests="2" failures="0" timestamp="15 Jan 2022 18:08:22 GMT" time="67.129" errors="0">
  <testcase name="pageTitleTest" time="0.085" classname="com.tests.LoginPageTest"/>
  <testcase name="loginTest" time="28.76" classname="com.tests.LoginPageTest"/>
  <testcase name="signUpLinkTest" time="0.0" classname="com.tests.LoginPageTest">
    <ignored/>
  </testcase> <!-- signUpLinkTest -->
</testsuite> <!-- login test -->
