<?xml version="1.0" encoding="UTF-8"?>
<!-- Generated by org.testng.reporters.JUnitXMLReporter -->
<testsuite hostname="Sachin-Sharma" ignored="0" name="Login test" tests="3" failures="0" timestamp="09 Sep 2022 14:32:27 GMT" time="49.409" errors="0">
  <testcase name="verifyLoginPageTitleTest" time="0.021" classname="com.qa.tests.LoginPageTest2"/>
  <testcase name="verifySignUpLinkTest" time="0.126" classname="com.qa.tests.LoginPageTest2"/>
  <testcase name="loginTest" time="30.702" classname="com.qa.tests.LoginPageTest2"/>
</testsuite> <!-- Login test -->
