<?xml version="1.0" encoding="UTF-8"?>
<testng-results ignored="2" total="3" passed="1" failed="0" skipped="0">
  <reporter-output>
  </reporter-output>
  <suite started-at="2023-09-24T18:40:12Z" name="Default suite" finished-at="2023-09-24T18:40:36Z" duration-ms="24735">
    <groups>
    </groups>
    <test started-at="2023-09-24T18:40:12Z" name="Default test" finished-at="2023-09-24T18:40:36Z" duration-ms="24735">
      <class name="com.qa.pavan.ChromeDevToolsDemo">
        <test-method signature="consoleLogs()[pri:0, instance:com.qa.pavan.ChromeDevToolsDemo@39de3d36]" started-at="2023-09-24T18:40:12Z" name="consoleLogs" finished-at="2023-09-24T18:40:36Z" duration-ms="24699" status="PASS">
          <reporter-output>
          </reporter-output>
        </test-method> <!-- consoleLogs -->
      </class> <!-- com.qa.pavan.ChromeDevToolsDemo -->
    </test> <!-- Default test -->
  </suite> <!-- Default suite -->
</testng-results>
