<?xml version="1.0" encoding="UTF-8"?>
<testng-results skipped="0" failed="0" ignored="0" total="16" passed="16">
  <reporter-output>
  </reporter-output>
  <suite name="Regression suite" duration-ms="983" started-at="2023-03-25T06:15:55Z" finished-at="2023-03-25T06:15:56Z">
    <groups>
    </groups>
    <test name="Regression test" duration-ms="983" started-at="2023-03-25T06:15:55Z" finished-at="2023-03-25T06:15:56Z">
      <class name="com.qa.testngsessions.ExpectedException">
        <test-method status="PASS" signature="loginTest()[pri:0, instance:com.qa.testngsessions.ExpectedException@4667ae56]" name="loginTest" duration-ms="2" started-at="2023-03-25T06:15:56Z" finished-at="2023-03-25T06:15:56Z">
          <exception class="java.lang.ArithmeticException">
            <message>
              <![CDATA[/ by zero]]>
            </message>
            <full-stacktrace>
              <![CDATA[java.lang.ArithmeticException: / by zero
at com.qa.testngsessions.ExpectedException.loginTest(ExpectedException.java:10)
at sun.reflect.NativeMethodAccessorImpl.invoke0(Native Method)
at sun.reflect.NativeMethodAccessorImpl.invoke(NativeMethodAccessorImpl.java:62)
at sun.reflect.DelegatingMethodAccessorImpl.invoke(DelegatingMethodAccessorImpl.java:43)
at java.lang.reflect.Method.invoke(Method.java:498)
at org.testng.internal.MethodInvocationHelper.invokeMethod(MethodInvocationHelper.java:124)
at org.testng.internal.Invoker.invokeMethod(Invoker.java:583)
at org.testng.internal.Invoker.invokeTestMethod(Invoker.java:719)
at org.testng.internal.Invoker.invokeTestMethods(Invoker.java:989)
at org.testng.internal.TestMethodWorker.invokeTestMethods(TestMethodWorker.java:125)
at org.testng.internal.TestMethodWorker.run(TestMethodWorker.java:109)
at org.testng.TestRunner.privateRun(TestRunner.java:648)
at org.testng.TestRunner.run(TestRunner.java:505)
at org.testng.SuiteRunner.runTest(SuiteRunner.java:455)
at org.testng.SuiteRunner.runSequentially(SuiteRunner.java:450)
at org.testng.SuiteRunner.privateRun(SuiteRunner.java:415)
at org.testng.SuiteRunner.run(SuiteRunner.java:364)
at org.testng.SuiteRunnerWorker.runSuite(SuiteRunnerWorker.java:52)
at org.testng.SuiteRunnerWorker.run(SuiteRunnerWorker.java:84)
at org.testng.TestNG.runSuitesSequentially(TestNG.java:1208)
at org.testng.TestNG.runSuitesLocally(TestNG.java:1137)
at org.testng.TestNG.runSuites(TestNG.java:1049)
at org.testng.TestNG.run(TestNG.java:1017)
at org.testng.remote.AbstractRemoteTestNG.run(AbstractRemoteTestNG.java:115)
at org.testng.remote.RemoteTestNG.initAndRun(RemoteTestNG.java:251)
at org.testng.remote.RemoteTestNG.main(RemoteTestNG.java:77)
]]>
            </full-stacktrace>
          </exception> <!-- java.lang.ArithmeticException -->
          <reporter-output>
          </reporter-output>
        </test-method> <!-- loginTest -->
      </class> <!-- com.qa.testngsessions.ExpectedException -->
      <class name="com.qa.testngsessions.PriorityTest">
        <test-method status="PASS" signature="test1()[pri:-1, instance:com.qa.testngsessions.PriorityTest@1a968a59]" name="test1" duration-ms="166" started-at="2023-03-25T06:15:56Z" finished-at="2023-03-25T06:15:56Z">
          <reporter-output>
          </reporter-output>
        </test-method> <!-- test1 -->
        <test-method status="PASS" signature="test4()[pri:0, instance:com.qa.testngsessions.PriorityTest@1a968a59]" name="test4" duration-ms="2" started-at="2023-03-25T06:15:56Z" finished-at="2023-03-25T06:15:56Z">
          <reporter-output>
          </reporter-output>
        </test-method> <!-- test4 -->
        <test-method status="PASS" signature="test5()[pri:0, instance:com.qa.testngsessions.PriorityTest@1a968a59]" name="test5" duration-ms="1" started-at="2023-03-25T06:15:56Z" finished-at="2023-03-25T06:15:56Z">
          <reporter-output>
          </reporter-output>
        </test-method> <!-- test5 -->
        <test-method status="PASS" signature="test2()[pri:1, instance:com.qa.testngsessions.PriorityTest@1a968a59]" name="test2" duration-ms="11" started-at="2023-03-25T06:15:56Z" finished-at="2023-03-25T06:15:56Z">
          <reporter-output>
          </reporter-output>
        </test-method> <!-- test2 -->
        <test-method status="PASS" signature="test3()[pri:2, instance:com.qa.testngsessions.PriorityTest@1a968a59]" name="test3" duration-ms="6" started-at="2023-03-25T06:15:56Z" finished-at="2023-03-25T06:15:56Z">
          <reporter-output>
          </reporter-output>
        </test-method> <!-- test3 -->
      </class> <!-- com.qa.testngsessions.PriorityTest -->
      <class name="com.qa.testngsessions.InvocationCount">
        <test-method status="PASS" signature="createUser()[pri:0, instance:com.qa.testngsessions.InvocationCount@77cd7a0]" name="createUser" duration-ms="4" started-at="2023-03-25T06:15:56Z" finished-at="2023-03-25T06:15:56Z">
          <reporter-output>
          </reporter-output>
        </test-method> <!-- createUser -->
        <test-method status="PASS" signature="createUser()[pri:0, instance:com.qa.testngsessions.InvocationCount@77cd7a0]" name="createUser" duration-ms="1" started-at="2023-03-25T06:15:56Z" finished-at="2023-03-25T06:15:56Z">
          <reporter-output>
          </reporter-output>
        </test-method> <!-- createUser -->
        <test-method status="PASS" signature="createUser()[pri:0, instance:com.qa.testngsessions.InvocationCount@77cd7a0]" name="createUser" duration-ms="7" started-at="2023-03-25T06:15:56Z" finished-at="2023-03-25T06:15:56Z">
          <reporter-output>
          </reporter-output>
        </test-method> <!-- createUser -->
        <test-method status="PASS" signature="createUser()[pri:0, instance:com.qa.testngsessions.InvocationCount@77cd7a0]" name="createUser" duration-ms="3" started-at="2023-03-25T06:15:56Z" finished-at="2023-03-25T06:15:56Z">
          <reporter-output>
          </reporter-output>
        </test-method> <!-- createUser -->
        <test-method status="PASS" signature="createUser()[pri:0, instance:com.qa.testngsessions.InvocationCount@77cd7a0]" name="createUser" duration-ms="7" started-at="2023-03-25T06:15:56Z" finished-at="2023-03-25T06:15:56Z">
          <reporter-output>
          </reporter-output>
        </test-method> <!-- createUser -->
        <test-method status="PASS" signature="createUser()[pri:0, instance:com.qa.testngsessions.InvocationCount@77cd7a0]" name="createUser" duration-ms="5" started-at="2023-03-25T06:15:56Z" finished-at="2023-03-25T06:15:56Z">
          <reporter-output>
          </reporter-output>
        </test-method> <!-- createUser -->
        <test-method status="PASS" signature="createUser()[pri:0, instance:com.qa.testngsessions.InvocationCount@77cd7a0]" name="createUser" duration-ms="37" started-at="2023-03-25T06:15:56Z" finished-at="2023-03-25T06:15:56Z">
          <reporter-output>
          </reporter-output>
        </test-method> <!-- createUser -->
        <test-method status="PASS" signature="createUser()[pri:0, instance:com.qa.testngsessions.InvocationCount@77cd7a0]" name="createUser" duration-ms="2" started-at="2023-03-25T06:15:56Z" finished-at="2023-03-25T06:15:56Z">
          <reporter-output>
          </reporter-output>
        </test-method> <!-- createUser -->
        <test-method status="PASS" signature="createUser()[pri:0, instance:com.qa.testngsessions.InvocationCount@77cd7a0]" name="createUser" duration-ms="0" started-at="2023-03-25T06:15:56Z" finished-at="2023-03-25T06:15:56Z">
          <reporter-output>
          </reporter-output>
        </test-method> <!-- createUser -->
        <test-method status="PASS" signature="createUser()[pri:0, instance:com.qa.testngsessions.InvocationCount@77cd7a0]" name="createUser" duration-ms="5" started-at="2023-03-25T06:15:56Z" finished-at="2023-03-25T06:15:56Z">
          <reporter-output>
          </reporter-output>
        </test-method> <!-- createUser -->
      </class> <!-- com.qa.testngsessions.InvocationCount -->
    </test> <!-- Regression test -->
  </suite> <!-- Regression suite -->
</testng-results>
