<?xml version="1.0" encoding="UTF-8"?>
<!-- Generated by org.testng.reporters.JUnitXMLReporter -->
<testsuite hostname="Sachin-Sharma" ignored="0" name="Sanity test" tests="6" failures="0" timestamp="02 Dec 2022 06:01:23 GMT" time="0.181" errors="0">
  <testcase name="test2" time="0.023" classname="com.qa.testngsessions.PriorityTest"/>
  <testcase name="test4" time="0.007" classname="com.qa.testngsessions.PriorityTest"/>
  <testcase name="test5" time="0.008" classname="com.qa.testngsessions.PriorityTest"/>
  <testcase name="loginTest" time="0.01" classname="com.qa.testngsessions.ExpectedException"/>
  <testcase name="test3" time="0.006" classname="com.qa.testngsessions.PriorityTest"/>
  <testcase name="test1" time="0.006" classname="com.qa.testngsessions.PriorityTest"/>
</testsuite> <!-- Sanity test -->
