<?xml version="1.0" encoding="UTF-8"?>
<!-- Generated by org.testng.reporters.JUnitXMLReporter -->
<testsuite ignored="0" hostname="Sachin-Sharma" failures="0" tests="2" name="ExecuteTestOnPriority" time="0.09" errors="0" timestamp="13 Jul 2023 15:33:49 GMT">
  <testcase classname="com.qa.IMethodInterceptor.ExecutePriorityBasedTest2" name="SignUpTest" time="0.037"/>
  <testcase classname="com.qa.IMethodInterceptor.ExecutePriorityBasedTest2" name="loginTest" time="0.001"/>
</testsuite> <!-- ExecuteTestOnPriority -->
