<?xml version="1.0" encoding="UTF-8"?>
<!-- Generated by org.testng.reporters.JUnitXMLReporter -->
<testsuite hostname="Sachin-Sharma" ignored="3" name="Test" tests="1" failures="0" timestamp="30 May 2023 11:14:58 GMT" time="0.084" errors="0">
  <testcase name="test1" time="0.023" classname="com.qa.grouping.Group1"/>
  <testcase name="test2" time="0.0" classname="com.qa.grouping.Group1">
    <ignored/>
  </testcase> <!-- test2 -->
  <testcase name="test3" time="0.0" classname="com.qa.grouping.Group1">
    <ignored/>
  </testcase> <!-- test3 -->
  <testcase name="test4" time="0.0" classname="com.qa.grouping.Group1">
    <ignored/>
  </testcase> <!-- test4 -->
</testsuite> <!-- Test -->
