<?xml version="1.0" encoding="UTF-8"?>
<!-- Generated by org.testng.reporters.JUnitXMLReporter -->
<testsuite ignored="0" hostname="Sachin-Sharma" failures="0" tests="2" name="Default test" time="0.077" errors="0" timestamp="13 Jul 2023 14:08:19 GMT">
  <testcase classname="com.qa.IMethodInterceptor.ExecutePriorityBasedTest" name="SignUpTest" time="0.021"/>
  <testcase classname="com.qa.IMethodInterceptor.ExecutePriorityBasedTest" name="loginTest" time="0.003"/>
</testsuite> <!-- Default test -->
