<?xml version="1.0" encoding="UTF-8"?>
<testng-results skipped="2" failed="0" ignored="1" total="5" passed="2">
  <reporter-output>
  </reporter-output>
  <suite name="trcrm regression Suite" duration-ms="46859" started-at="2022-09-09T13:51:05Z" finished-at="2022-09-09T13:51:52Z">
    <groups>
    </groups>
    <test name="sign up Test" duration-ms="178" started-at="2022-09-09T13:51:05Z" finished-at="2022-09-09T13:51:06Z">
      <class name="com.qa.tests.SignUpTest">
        <test-method status="FAIL" signature="setUp(java.lang.String, java.lang.String)[pri:0, instance:com.qa.tests.SignUpTest@66480dd7]" name="setUp" is-config="true" duration-ms="41" started-at="2022-09-09T13:51:05Z" finished-at="2022-09-09T13:51:05Z">
          <params>
            <param index="0">
              <value>
                <![CDATA[firefox2]]>
              </value>
            </param>
            <param index="1">
              <value>
                <![CDATA[https://trcrm.com/login/en]]>
              </value>
            </param>
          </params>
          <exception class="java.lang.NullPointerException">
            <full-stacktrace>
              <![CDATA[java.lang.NullPointerException
at com.qa.tests.SignUpTest.setUp(SignUpTest.java:54)
at sun.reflect.NativeMethodAccessorImpl.invoke0(Native Method)
at sun.reflect.NativeMethodAccessorImpl.invoke(Unknown Source)
at sun.reflect.DelegatingMethodAccessorImpl.invoke(Unknown Source)
at java.lang.reflect.Method.invoke(Unknown Source)
at org.testng.internal.MethodInvocationHelper.invokeMethod(MethodInvocationHelper.java:124)
at org.testng.internal.MethodInvocationHelper.invokeMethodConsideringTimeout(MethodInvocationHelper.java:59)
at org.testng.internal.Invoker.invokeConfigurationMethod(Invoker.java:458)
at org.testng.internal.Invoker.invokeConfigurations(Invoker.java:222)
at org.testng.internal.Invoker.invokeConfigurations(Invoker.java:142)
at org.testng.TestRunner.beforeRun(TestRunner.java:529)
at org.testng.TestRunner.run(TestRunner.java:497)
at org.testng.SuiteRunner.runTest(SuiteRunner.java:455)
at org.testng.SuiteRunner.access$000(SuiteRunner.java:40)
at org.testng.SuiteRunner$SuiteWorker.run(SuiteRunner.java:489)
at org.testng.internal.thread.ThreadUtil$1.call(ThreadUtil.java:52)
at java.util.concurrent.FutureTask.run(Unknown Source)
at java.util.concurrent.ThreadPoolExecutor.runWorker(Unknown Source)
at java.util.concurrent.ThreadPoolExecutor$Worker.run(Unknown Source)
at java.lang.Thread.run(Unknown Source)
]]>
            </full-stacktrace>
          </exception> <!-- java.lang.NullPointerException -->
          <reporter-output>
          </reporter-output>
        </test-method> <!-- setUp -->
        <test-method status="SKIP" signature="verifySignUpNowTest()[pri:0, instance:com.qa.tests.SignUpTest@66480dd7]" name="verifySignUpNowTest" duration-ms="0" started-at="2022-09-09T13:51:06Z" finished-at="2022-09-09T13:51:06Z">
          <exception class="java.lang.NullPointerException">
            <full-stacktrace>
              <![CDATA[java.lang.NullPointerException
at com.qa.tests.SignUpTest.setUp(SignUpTest.java:54)
at sun.reflect.NativeMethodAccessorImpl.invoke0(Native Method)
at sun.reflect.NativeMethodAccessorImpl.invoke(Unknown Source)
at sun.reflect.DelegatingMethodAccessorImpl.invoke(Unknown Source)
at java.lang.reflect.Method.invoke(Unknown Source)
at org.testng.internal.MethodInvocationHelper.invokeMethod(MethodInvocationHelper.java:124)
at org.testng.internal.MethodInvocationHelper.invokeMethodConsideringTimeout(MethodInvocationHelper.java:59)
at org.testng.internal.Invoker.invokeConfigurationMethod(Invoker.java:458)
at org.testng.internal.Invoker.invokeConfigurations(Invoker.java:222)
at org.testng.internal.Invoker.invokeConfigurations(Invoker.java:142)
at org.testng.TestRunner.beforeRun(TestRunner.java:529)
at org.testng.TestRunner.run(TestRunner.java:497)
at org.testng.SuiteRunner.runTest(SuiteRunner.java:455)
at org.testng.SuiteRunner.access$000(SuiteRunner.java:40)
at org.testng.SuiteRunner$SuiteWorker.run(SuiteRunner.java:489)
at org.testng.internal.thread.ThreadUtil$1.call(ThreadUtil.java:52)
at java.util.concurrent.FutureTask.run(Unknown Source)
at java.util.concurrent.ThreadPoolExecutor.runWorker(Unknown Source)
at java.util.concurrent.ThreadPoolExecutor$Worker.run(Unknown Source)
at java.lang.Thread.run(Unknown Source)
]]>
            </full-stacktrace>
          </exception> <!-- java.lang.NullPointerException -->
          <reporter-output>
          </reporter-output>
        </test-method> <!-- verifySignUpNowTest -->
        <test-method status="SKIP" signature="verifySignUpPageTitleTest()[pri:0, instance:com.qa.tests.SignUpTest@66480dd7]" name="verifySignUpPageTitleTest" duration-ms="0" started-at="2022-09-09T13:51:06Z" finished-at="2022-09-09T13:51:06Z">
          <exception class="java.lang.NullPointerException">
            <full-stacktrace>
              <![CDATA[java.lang.NullPointerException
at com.qa.tests.SignUpTest.setUp(SignUpTest.java:54)
at sun.reflect.NativeMethodAccessorImpl.invoke0(Native Method)
at sun.reflect.NativeMethodAccessorImpl.invoke(Unknown Source)
at sun.reflect.DelegatingMethodAccessorImpl.invoke(Unknown Source)
at java.lang.reflect.Method.invoke(Unknown Source)
at org.testng.internal.MethodInvocationHelper.invokeMethod(MethodInvocationHelper.java:124)
at org.testng.internal.MethodInvocationHelper.invokeMethodConsideringTimeout(MethodInvocationHelper.java:59)
at org.testng.internal.Invoker.invokeConfigurationMethod(Invoker.java:458)
at org.testng.internal.Invoker.invokeConfigurations(Invoker.java:222)
at org.testng.internal.Invoker.invokeConfigurations(Invoker.java:142)
at org.testng.TestRunner.beforeRun(TestRunner.java:529)
at org.testng.TestRunner.run(TestRunner.java:497)
at org.testng.SuiteRunner.runTest(SuiteRunner.java:455)
at org.testng.SuiteRunner.access$000(SuiteRunner.java:40)
at org.testng.SuiteRunner$SuiteWorker.run(SuiteRunner.java:489)
at org.testng.internal.thread.ThreadUtil$1.call(ThreadUtil.java:52)
at java.util.concurrent.FutureTask.run(Unknown Source)
at java.util.concurrent.ThreadPoolExecutor.runWorker(Unknown Source)
at java.util.concurrent.ThreadPoolExecutor$Worker.run(Unknown Source)
at java.lang.Thread.run(Unknown Source)
]]>
            </full-stacktrace>
          </exception> <!-- java.lang.NullPointerException -->
          <reporter-output>
          </reporter-output>
        </test-method> <!-- verifySignUpPageTitleTest -->
        <test-method status="SKIP" signature="tearDown()[pri:0, instance:com.qa.tests.SignUpTest@66480dd7]" name="tearDown" is-config="true" duration-ms="0" started-at="2022-09-09T13:51:06Z" finished-at="2022-09-09T13:51:06Z">
          <reporter-output>
          </reporter-output>
        </test-method> <!-- tearDown -->
      </class> <!-- com.qa.tests.SignUpTest -->
    </test> <!-- sign up Test -->
    <test name="login Test" duration-ms="46859" started-at="2022-09-09T13:51:05Z" finished-at="2022-09-09T13:51:52Z">
      <class name="com.qa.tests.LoginPageTest">
        <test-method status="PASS" signature="setUp(java.lang.String, java.lang.String)[pri:0, instance:com.qa.tests.LoginPageTest@5cb9f472]" name="setUp" is-config="true" duration-ms="16540" started-at="2022-09-09T13:51:05Z" finished-at="2022-09-09T13:51:22Z">
          <params>
            <param index="0">
              <value>
                <![CDATA[chrome]]>
              </value>
            </param>
            <param index="1">
              <value>
                <![CDATA[https://trcrm.com/login/en]]>
              </value>
            </param>
          </params>
          <reporter-output>
          </reporter-output>
        </test-method> <!-- setUp -->
        <test-method status="PASS" signature="verifySignUpNowLinkTest()[pri:1, instance:com.qa.tests.LoginPageTest@5cb9f472]" name="verifySignUpNowLinkTest" duration-ms="201" started-at="2022-09-09T13:51:22Z" finished-at="2022-09-09T13:51:22Z">
          <reporter-output>
          </reporter-output>
        </test-method> <!-- verifySignUpNowLinkTest -->
        <test-method status="PASS" signature="loginTest(java.lang.String, java.lang.String)[pri:3, instance:com.qa.tests.LoginPageTest@5cb9f472]" name="loginTest" duration-ms="28479" started-at="2022-09-09T13:51:22Z" finished-at="2022-09-09T13:51:51Z">
          <params>
            <param index="0">
              <value>
                <![CDATA[sachinsharma263@gmail.com]]>
              </value>
            </param>
            <param index="1">
              <value>
                <![CDATA[swift2994]]>
              </value>
            </param>
          </params>
          <reporter-output>
          </reporter-output>
        </test-method> <!-- loginTest -->
        <test-method status="PASS" signature="afterMethod()[pri:0, instance:com.qa.tests.LoginPageTest@5cb9f472]" name="afterMethod" is-config="true" duration-ms="1619" started-at="2022-09-09T13:51:51Z" finished-at="2022-09-09T13:51:52Z">
          <reporter-output>
          </reporter-output>
        </test-method> <!-- afterMethod -->
      </class> <!-- com.qa.tests.LoginPageTest -->
    </test> <!-- login Test -->
  </suite> <!-- trcrm regression Suite -->
</testng-results>
