<?xml version="1.0" encoding="UTF-8"?>
<!-- Generated by org.testng.reporters.JUnitXMLReporter -->
<testsuite hostname="Sachin-Sharma" ignored="1" name="Default test" tests="5" failures="0" timestamp="09 Mar 2022 10:10:05 GMT" time="0.27" errors="0">
  <testcase name="test1" time="0.017" classname="com.qa.testngsessions.PriorityTest"/>
  <testcase name="loginTest" time="0.003" classname="com.qa.testngsessions.ExceptedExceptionConcept"/>
  <testcase name="test3" time="0.003" classname="com.qa.testngsessions.PriorityTest"/>
  <testcase name="test4" time="0.005" classname="com.qa.testngsessions.PriorityTest"/>
  <testcase name="test2" time="0.01" classname="com.qa.testngsessions.PriorityTest"/>
  <testcase name="test5" time="0.0" classname="com.qa.testngsessions.PriorityTest">
    <ignored/>
  </testcase> <!-- test5 -->
</testsuite> <!-- Default test -->
