<?xml version="1.0" encoding="UTF-8"?>
<!-- Generated by org.testng.reporters.JUnitXMLReporter -->
<testsuite hostname="Sachin-Sharma" ignored="2" name="testng_grouping.xml" tests="2" failures="0" timestamp="03 Mar 2023 06:29:52 GMT" time="0.111" errors="0">
  <testcase name="test2" time="0.023" classname="com.qa.grouping.Group1"/>
  <testcase name="test3" time="0.001" classname="com.qa.grouping.Group1"/>
  <testcase name="test1" time="0.0" classname="com.qa.grouping.Group1">
    <ignored/>
  </testcase> <!-- test1 -->
  <testcase name="test4" time="0.0" classname="com.qa.grouping.Group1">
    <ignored/>
  </testcase> <!-- test4 -->
</testsuite> <!-- testng_grouping.xml -->
