<?xml version="1.0" encoding="UTF-8"?>
<!-- Generated by org.testng.reporters.JUnitXMLReporter -->
<testsuite hostname="Sachin-Sharma" ignored="1" name="Login Page test" tests="2" failures="0" timestamp="30 May 2023 08:20:58 GMT" time="49.722" errors="0">
  <testcase name="verifySignUpLinkTest" time="2.433" classname="com.qa.tests.LoginPageTest"/>
  <testcase name="loginTest" time="24.104" classname="com.qa.tests.LoginPageTest"/>
  <testcase name="verifyLoginPageTitleTest" time="0.0" classname="com.qa.tests.LoginPageTest">
    <ignored/>
  </testcase> <!-- verifyLoginPageTitleTest -->
</testsuite> <!-- Login Page test -->
