<?xml version="1.0" encoding="UTF-8"?>
<!-- Generated by org.testng.reporters.JUnitXMLReporter -->
<testsuite hostname="Sachin-Sharma" ignored="0" name="sanity test(failed)(failed)(failed)(failed)" tests="3" failures="0" timestamp="28 Dec 2021 04:51:32 GMT" time="0.163" errors="0">
  <testcase name="loginTest" time="0.036" classname="com.qa.TestNGSessions.DependsOnMethod"/>
  <testcase name="homePageTest" time="0.003" classname="com.qa.TestNGSessions.DependsOnMethod"/>
  <testcase name="searchTest" time="0.005" classname="com.qa.TestNGSessions.DependsOnMethod"/>
</testsuite> <!-- sanity test(failed)(failed)(failed)(failed) -->
