<?xml version="1.0" encoding="UTF-8"?>
<!-- Generated by org.testng.reporters.JUnitXMLReporter -->
<testsuite hostname="Sachin-Sharma" ignored="0" name="Sanity test" tests="6" failures="0" timestamp="29 May 2023 17:21:49 GMT" time="0.148" errors="0">
  <testcase name="test1" time="0.029" classname="com.qa.testngsessions.PriorityTest"/>
  <testcase name="test4" time="0.003" classname="com.qa.testngsessions.PriorityTest"/>
  <testcase name="test5" time="0.002" classname="com.qa.testngsessions.PriorityTest"/>
  <testcase name="loginTest" time="0.002" classname="com.qa.testngsessions.ExpectedException"/>
  <testcase name="test2" time="0.002" classname="com.qa.testngsessions.PriorityTest"/>
  <testcase name="test3" time="0.002" classname="com.qa.testngsessions.PriorityTest"/>
</testsuite> <!-- Sanity test -->
