<?xml version="1.0" encoding="UTF-8"?>
<!-- Generated by org.testng.reporters.JUnitXMLReporter -->
<testsuite hostname="Sachin-Sharma" ignored="0" name="LoginPage test" tests="3" failures="0" timestamp="03 Dec 2022 18:19:47 GMT" time="46.514" errors="0">
  <testcase name="verifyLoginPageTitleTest" time="0.074" classname="com.qa.tests.LoginPageTest"/>
  <testcase name="verifySignUpLinkTest" time="0.326" classname="com.qa.tests.LoginPageTest"/>
  <testcase name="loginTest" time="24.579" classname="com.qa.tests.LoginPageTest"/>
</testsuite> <!-- LoginPage test -->
