<?xml version="1.0" encoding="UTF-8"?>
<!-- Generated by org.testng.reporters.JUnitXMLReporter -->
<testsuite hostname="Sachin-Sharma" ignored="3" name="Group Test" tests="2" failures="0" timestamp="20 Feb 2022 05:25:06 GMT" time="0.096" errors="0">
  <testcase name="tc_01" time="0.021" classname="com.qa.grouping.TestGroup1"/>
  <testcase name="tc_02" time="0.013" classname="com.qa.grouping.TestGroup1"/>
  <testcase name="tc_05" time="0.0" classname="com.qa.grouping.TestGroup2">
    <ignored/>
  </testcase> <!-- tc_05 -->
  <testcase name="tc_04" time="0.0" classname="com.qa.grouping.TestGroup2">
    <ignored/>
  </testcase> <!-- tc_04 -->
  <testcase name="tc_03" time="0.0" classname="com.qa.grouping.TestGroup1">
    <ignored/>
  </testcase> <!-- tc_03 -->
</testsuite> <!-- Group Test -->
