<?xml version="1.0" encoding="UTF-8"?>
<!-- Generated by org.testng.reporters.JUnitXMLReporter -->
<testsuite hostname="Sachin-Sharma" ignored="1" name="sanity test" tests="4" failures="0" timestamp="19 Feb 2022 11:01:29 GMT" time="0.145" errors="0">
  <testcase name="test1" time="0.024" classname="com.qa.testngsessions.PriorityTest"/>
  <testcase name="test3" time="0.003" classname="com.qa.testngsessions.PriorityTest"/>
  <testcase name="test4" time="0.014" classname="com.qa.testngsessions.PriorityTest"/>
  <testcase name="test2" time="0.008" classname="com.qa.testngsessions.PriorityTest"/>
  <testcase name="test5" time="0.0" classname="com.qa.testngsessions.PriorityTest">
    <ignored/>
  </testcase> <!-- test5 -->
</testsuite> <!-- sanity test -->
