<?xml version="1.0" encoding="UTF-8"?>
<!-- Generated by org.testng.reporters.JUnitXMLReporter -->
<testsuite hostname="Sachin-Sharma" ignored="0" name="Regression test" tests="18" failures="0" timestamp="08 Sep 2022 08:35:42 GMT" time="0.254" errors="0">
  <testcase name="test2" time="0.015" classname="com.qa.testngsessions.PriorityTest"/>
  <testcase name="test4" time="0.008" classname="com.qa.testngsessions.PriorityTest"/>
  <testcase name="test5" time="0.002" classname="com.qa.testngsessions.PriorityTest"/>
  <testcase name="loginTest" time="0.005" classname="com.qa.testngsessions.ExpectedException"/>
  <testcase name="createUser" time="0.003" classname="com.qa.testngsessions.InvocationCount"/>
  <testcase name="createUser" time="0.003" classname="com.qa.testngsessions.InvocationCount"/>
  <testcase name="createUser" time="0.009" classname="com.qa.testngsessions.InvocationCount"/>
  <testcase name="createUser" time="0.002" classname="com.qa.testngsessions.InvocationCount"/>
  <testcase name="createUser" time="0.003" classname="com.qa.testngsessions.InvocationCount"/>
  <testcase name="createUser" time="0.001" classname="com.qa.testngsessions.InvocationCount"/>
  <testcase name="createUser" time="0.003" classname="com.qa.testngsessions.InvocationCount"/>
  <testcase name="createUser" time="0.002" classname="com.qa.testngsessions.InvocationCount"/>
  <testcase name="createUser" time="0.002" classname="com.qa.testngsessions.InvocationCount"/>
  <testcase name="createUser" time="0.002" classname="com.qa.testngsessions.InvocationCount"/>
  <testcase name="f" time="0.003" classname="com.qa.testngsessions.InvocationCount"/>
  <testcase name="f" time="0.003" classname="com.qa.testngsessions.InvocationCount"/>
  <testcase name="test3" time="0.002" classname="com.qa.testngsessions.PriorityTest"/>
  <testcase name="test1" time="0.003" classname="com.qa.testngsessions.PriorityTest"/>
</testsuite> <!-- Regression test -->
