<?xml version="1.0" encoding="UTF-8"?>
<testng-results skipped="0" failed="0" ignored="8" total="10" passed="2">
  <reporter-output>
  </reporter-output>
  <suite name="Suite" duration-ms="103" started-at="2022-12-03T06:07:51Z" finished-at="2022-12-03T06:07:52Z">
    <groups>
      <group name="smoke">
        <method signature="Group1.test3()[pri:0, instance:com.qa.grouping.Group1@146ba0ac]" name="test3" class="com.qa.grouping.Group1"/>
        <method signature="Group2.test7()[pri:0, instance:com.qa.grouping.Group2@4dfa3a9d]" name="test7" class="com.qa.grouping.Group2"/>
      </group> <!-- smoke -->
    </groups>
    <test name="Test" duration-ms="103" started-at="2022-12-03T06:07:51Z" finished-at="2022-12-03T06:07:52Z">
      <class name="com.qa.grouping.Group1">
        <test-method status="PASS" signature="test3()[pri:0, instance:com.qa.grouping.Group1@146ba0ac]" name="test3" duration-ms="24" started-at="2022-12-03T06:07:52Z" finished-at="2022-12-03T06:07:52Z">
          <reporter-output>
          </reporter-output>
        </test-method> <!-- test3 -->
      </class> <!-- com.qa.grouping.Group1 -->
      <class name="com.qa.grouping.Group2">
        <test-method status="PASS" signature="test7()[pri:0, instance:com.qa.grouping.Group2@4dfa3a9d]" name="test7" duration-ms="5" started-at="2022-12-03T06:07:52Z" finished-at="2022-12-03T06:07:52Z">
          <reporter-output>
          </reporter-output>
        </test-method> <!-- test7 -->
      </class> <!-- com.qa.grouping.Group2 -->
    </test> <!-- Test -->
  </suite> <!-- Suite -->
</testng-results>
