<?xml version="1.0" encoding="UTF-8"?>
<!-- Generated by org.testng.reporters.JUnitXMLReporter -->
<testsuite hostname="Sachin-Sharma" ignored="0" name="Login Test" tests="3" failures="0" timestamp="09 Mar 2022 12:47:01 GMT" time="24.548" errors="0">
  <testcase name="verifySignUpNowLinkTest" time="0.168" classname="com.qa.tests.LoginPageTest"/>
  <testcase name="verifyLoginPageTest" time="0.02" classname="com.qa.tests.LoginPageTest"/>
  <testcase name="loginPageTest" time="13.404" classname="com.qa.tests.LoginPageTest"/>
</testsuite> <!-- Login Test -->
