<?xml version="1.0" encoding="UTF-8"?>
<!-- Generated by org.testng.reporters.JUnitXMLReporter -->
<testsuite ignored="2" hostname="Sachin-Sharma" failures="0" tests="1" name="Default test" time="24.735" errors="0" timestamp="24 Sep 2023 18:40:37 GMT">
  <testcase classname="com.qa.pavan.ChromeDevToolsDemo" name="consoleLogs" time="24.699"/>
  <testcase classname="com.qa.pavan.ChromeDevToolsDemo" name="enableNetworkOffline" time="0.0">
    <ignored/>
  </testcase> <!-- enableNetworkOffline -->
  <testcase classname="com.qa.pavan.ChromeDevToolsDemo" name="loadInsecureWebsite" time="0.0">
    <ignored/>
  </testcase> <!-- loadInsecureWebsite -->
</testsuite> <!-- Default test -->
