<?xml version="1.0" encoding="UTF-8"?>
<!-- Generated by org.testng.reporters.JUnitXMLReporter -->
<testsuite hostname="Sachin-Sharma" ignored="0" name="login test" tests="3" failures="0" timestamp="01 Mar 2021 07:52:18 GMT" time="53.894" errors="0">
  <testcase name="signUpLinkTest" time="0.145" classname="com.test.LoginTest"/>
  <testcase name="pageTitleTest" time="0.019" classname="com.test.LoginTest"/>
  <testcase name="loginTest" time="18.102" classname="com.test.LoginTest"/>
</testsuite> <!-- login test -->
