<?xml version="1.0" encoding="UTF-8"?>
<!-- Generated by org.testng.reporters.JUnitXMLReporter -->
<testsuite ignored="6" hostname="Sachin-Sharma" failures="0" tests="2" name="Test" time="0.131" errors="0" timestamp="2023-09-19T20:12:58 IST">
  <testcase classname="com.qa.grouping.Group1" name="test1" time="0.017"/>
  <testcase classname="com.qa.grouping.Group2" name="test7" time="0.003"/>
  <testcase classname="com.qa.grouping.Group1" name="test2" time="0.0">
    <ignored/>
  </testcase> <!-- test2 -->
  <testcase classname="com.qa.grouping.Group2" name="test8" time="0.0">
    <ignored/>
  </testcase> <!-- test8 -->
  <testcase classname="com.qa.grouping.Group2" name="test6" time="0.0">
    <ignored/>
  </testcase> <!-- test6 -->
  <testcase classname="com.qa.grouping.Group1" name="test4" time="0.0">
    <ignored/>
  </testcase> <!-- test4 -->
  <testcase classname="com.qa.grouping.Group1" name="test3" time="0.0">
    <ignored/>
  </testcase> <!-- test3 -->
  <testcase classname="com.qa.grouping.Group2" name="test5" time="0.0">
    <ignored/>
  </testcase> <!-- test5 -->
</testsuite> <!-- Test -->
