<?xml version="1.0" encoding="UTF-8"?>
<!-- Generated by org.testng.reporters.JUnitXMLReporter -->
<testsuite hostname="Sachin-Sharma" ignored="8" name="Test" tests="2" failures="0" timestamp="03 Dec 2022 06:07:52 GMT" time="0.103" errors="0">
  <testcase name="test3" time="0.024" classname="com.qa.grouping.Group1"/>
  <testcase name="test7" time="0.005" classname="com.qa.grouping.Group2"/>
  <testcase name="test1" time="0.0" classname="com.qa.grouping.Group1">
    <ignored/>
  </testcase> <!-- test1 -->
  <testcase name="test6" time="0.0" classname="com.qa.grouping.Group2">
    <ignored/>
  </testcase> <!-- test6 -->
  <testcase name="test10" time="0.0" classname="com.qa.grouping.Group1">
    <ignored/>
  </testcase> <!-- test10 -->
  <testcase name="test9" time="0.0" classname="com.qa.grouping.Group1">
    <ignored/>
  </testcase> <!-- test9 -->
  <testcase name="test8" time="0.0" classname="com.qa.grouping.Group2">
    <ignored/>
  </testcase> <!-- test8 -->
  <testcase name="test2" time="0.0" classname="com.qa.grouping.Group1">
    <ignored/>
  </testcase> <!-- test2 -->
  <testcase name="test4" time="0.0" classname="com.qa.grouping.Group1">
    <ignored/>
  </testcase> <!-- test4 -->
  <testcase name="test5" time="0.0" classname="com.qa.grouping.Group2">
    <ignored/>
  </testcase> <!-- test5 -->
</testsuite> <!-- Test -->
