<?xml version="1.0" encoding="UTF-8"?>
<!-- Generated by org.testng.reporters.JUnitXMLReporter -->
<testsuite ignored="0" hostname="Sachin-Sharma" failures="0" tests="3" name="Login Page Test" time="46.35" errors="0" timestamp="2023-09-20T00:23:14 IST">
  <testcase classname="com.qa.tests.LoginPageTest" name="verifyLoginPageTitleTest" time="0.177"/>
  <testcase classname="com.qa.tests.LoginPageTest" name="verifySignUpLinkTest" time="0.122"/>
  <testcase classname="com.qa.tests.LoginPageTest" name="loginTest" time="8.976"/>
</testsuite> <!-- Login Page Test -->
