<?xml version="1.0" encoding="UTF-8"?>
<!-- Generated by org.testng.reporters.JUnitXMLReporter -->
<testsuite hostname="Sachin-Sharma" ignored="0" name="sanity test(failed)" tests="3" failures="1" timestamp="28 Dec 2021 04:36:55 GMT" time="0.502" errors="0">
  <testcase name="loginTest" time="0.047" classname="com.qa.TestNGSessions.DependsOnMethod"/>
  <testcase name="homePageTest" time="0.008" classname="com.qa.TestNGSessions.DependsOnMethod">
    <failure type="java.lang.ArithmeticException" message="/ by zero">
      <![CDATA[java.lang.ArithmeticException: / by zero
at com.qa.TestNGSessions.DependsOnMethod.homePageTest(DependsOnMethod.java:17)
... Removed 25 stack frames]]>
    </failure>
  </testcase> <!-- homePageTest -->
  <testcase name="searchTest" time="0.0" classname="com.qa.TestNGSessions.DependsOnMethod">
    <skipped/>
  </testcase> <!-- searchTest -->
</testsuite> <!-- sanity test(failed) -->
