<?xml version="1.0" encoding="UTF-8"?>
<!-- Generated by org.testng.reporters.JUnitXMLReporter -->
<testsuite hostname="Sachin-Sharma" ignored="0" name="Sanity test" tests="6" failures="0" timestamp="16 Jan 2022 14:20:22 GMT" time="0.142" errors="0">
  <testcase name="loginTest" time="0.025" classname="com.qa.testngsessions.ExpectedExceptionsConcept"/>
  <testcase name="test4" time="0.004" classname="com.qa.testngsessions.PriorityTest"/>
  <testcase name="test5" time="0.004" classname="com.qa.testngsessions.PriorityTest"/>
  <testcase name="test2" time="0.007" classname="com.qa.testngsessions.PriorityTest"/>
  <testcase name="test1" time="0.007" classname="com.qa.testngsessions.PriorityTest"/>
  <testcase name="test3" time="0.002" classname="com.qa.testngsessions.PriorityTest"/>
</testsuite> <!-- Sanity test -->
