<?xml version="1.0" encoding="UTF-8"?>
<!-- Generated by org.testng.reporters.JUnitXMLReporter -->
<testsuite hostname="Sachin-Sharma" ignored="1" name="login test" tests="2" failures="0" timestamp="15 Jan 2022 09:48:13 GMT" time="73.821" errors="0">
  <testcase name="verifyPageTitleTest" time="0.102" classname="com.qa.test.LoginPageTest"/>
  <testcase name="doLoginTest" time="51.67" classname="com.qa.test.LoginPageTest"/>
  <testcase name="verifySignUpLinkTest" time="0.0" classname="com.qa.test.LoginPageTest">
    <ignored/>
  </testcase> <!-- verifySignUpLinkTest -->
</testsuite> <!-- login test -->
