<?xml version="1.0" encoding="UTF-8"?>
<testng-results skipped="0" failed="0" ignored="0" total="2" passed="2">
  <reporter-output>
  </reporter-output>
  <suite name="Default suite" duration-ms="62587" started-at="2023-03-03T18:10:23Z" finished-at="2023-03-03T18:11:26Z">
    <groups>
    </groups>
    <test name="Default test" duration-ms="62587" started-at="2023-03-03T18:10:23Z" finished-at="2023-03-03T18:11:26Z">
      <class name="com.qa.dataprovider.DataProviderConcept2">
        <test-method status="PASS" signature="setUp()[pri:0, instance:com.qa.dataprovider.DataProviderConcept2@79ad8b2f]" name="setUp" is-config="true" duration-ms="19858" started-at="2023-03-03T18:10:25Z" finished-at="2023-03-03T18:10:45Z">
          <reporter-output>
          </reporter-output>
        </test-method> <!-- setUp -->
        <test-method status="PASS" signature="loginTest(java.lang.String, java.lang.String)[pri:0, instance:com.qa.dataprovider.DataProviderConcept2@79ad8b2f]" name="loginTest" duration-ms="13849" started-at="2023-03-03T18:10:45Z" description="This method test login functionality by passing different sets of input data" data-provider="getTestData" finished-at="2023-03-03T18:10:59Z">
          <params>
            <param index="0">
              <value>
                <![CDATA[sachinsharma263@gmail.com]]>
              </value>
            </param>
            <param index="1">
              <value>
                <![CDATA[swift2994]]>
              </value>
            </param>
          </params>
          <reporter-output>
          </reporter-output>
        </test-method> <!-- loginTest -->
        <test-method status="PASS" signature="tearDown()[pri:0, instance:com.qa.dataprovider.DataProviderConcept2@79ad8b2f]" name="tearDown" is-config="true" duration-ms="1014" started-at="2023-03-03T18:10:59Z" finished-at="2023-03-03T18:11:00Z">
          <reporter-output>
          </reporter-output>
        </test-method> <!-- tearDown -->
        <test-method status="PASS" signature="setUp()[pri:0, instance:com.qa.dataprovider.DataProviderConcept2@79ad8b2f]" name="setUp" is-config="true" duration-ms="9850" started-at="2023-03-03T18:11:00Z" finished-at="2023-03-03T18:11:09Z">
          <reporter-output>
          </reporter-output>
        </test-method> <!-- setUp -->
        <test-method status="PASS" signature="loginTest(java.lang.String, java.lang.String)[pri:0, instance:com.qa.dataprovider.DataProviderConcept2@79ad8b2f]" name="loginTest" duration-ms="15684" started-at="2023-03-03T18:11:09Z" description="This method test login functionality by passing different sets of input data" data-provider="getTestData" finished-at="2023-03-03T18:11:25Z">
          <params>
            <param index="0">
              <value>
                <![CDATA[sachinsharma263@gmail.com]]>
              </value>
            </param>
            <param index="1">
              <value>
                <![CDATA[swift2994]]>
              </value>
            </param>
          </params>
          <reporter-output>
          </reporter-output>
        </test-method> <!-- loginTest -->
        <test-method status="PASS" signature="tearDown()[pri:0, instance:com.qa.dataprovider.DataProviderConcept2@79ad8b2f]" name="tearDown" is-config="true" duration-ms="856" started-at="2023-03-03T18:11:25Z" finished-at="2023-03-03T18:11:26Z">
          <reporter-output>
          </reporter-output>
        </test-method> <!-- tearDown -->
      </class> <!-- com.qa.dataprovider.DataProviderConcept2 -->
    </test> <!-- Default test -->
  </suite> <!-- Default suite -->
</testng-results>
