<?xml version="1.0" encoding="UTF-8"?>
<!-- Generated by org.testng.reporters.JUnitXMLReporter -->
<testsuite hostname="Sachin-Sharma" ignored="0" name="Login Page test" tests="3" failures="0" timestamp="29 May 2023 18:32:22 GMT" time="51.403" errors="0">
  <testcase name="verifyLoginPageTitleTest" time="0.034" classname="com.qa.tests.LoginPageTest"/>
  <testcase name="verifySignUpLinkTest" time="2.288" classname="com.qa.tests.LoginPageTest"/>
  <testcase name="loginTest" time="22.716" classname="com.qa.tests.LoginPageTest"/>
</testsuite> <!-- Login Page test -->
