<?xml version="1.0" encoding="UTF-8"?>
<!-- Generated by org.testng.reporters.JUnitXMLReporter -->
<testsuite hostname="Sachin-Sharma" ignored="0" name="Login Page Test" tests="3" failures="0" timestamp="02 Mar 2023 18:57:38 GMT" time="81.275" errors="0">
  <testcase name="verifyLoginPageTitleTest" time="0.063" classname="com.qa.tests.LoginPageTest"/>
  <testcase name="verifySignUpNowLinkTest" time="0.529" classname="com.qa.tests.LoginPageTest"/>
  <testcase name="loginTest" time="29.811" classname="com.qa.tests.LoginPageTest"/>
</testsuite> <!-- Login Page Test -->
