<?xml version="1.0" encoding="UTF-8"?>
<!-- Generated by org.testng.reporters.JUnitXMLReporter -->
<testsuite hostname="Sachin-Sharma" ignored="0" name="Regression test" tests="16" failures="0" timestamp="02 Mar 2023 14:55:11 GMT" time="0.343" errors="0">
  <testcase name="test1" time="0.064" classname="com.qa.testngsessions.PriorityTest"/>
  <testcase name="test4" time="0.006" classname="com.qa.testngsessions.PriorityTest"/>
  <testcase name="test5" time="0.005" classname="com.qa.testngsessions.PriorityTest"/>
  <testcase name="loginTest" time="0.003" classname="com.qa.testngsessions.ExpectedException"/>
  <testcase name="createUser" time="0.01" classname="com.qa.testngsessions.InvocationCount"/>
  <testcase name="createUser" time="0.004" classname="com.qa.testngsessions.InvocationCount"/>
  <testcase name="createUser" time="0.005" classname="com.qa.testngsessions.InvocationCount"/>
  <testcase name="createUser" time="0.004" classname="com.qa.testngsessions.InvocationCount"/>
  <testcase name="createUser" time="0.006" classname="com.qa.testngsessions.InvocationCount"/>
  <testcase name="createUser" time="0.002" classname="com.qa.testngsessions.InvocationCount"/>
  <testcase name="createUser" time="0.005" classname="com.qa.testngsessions.InvocationCount"/>
  <testcase name="createUser" time="0.004" classname="com.qa.testngsessions.InvocationCount"/>
  <testcase name="createUser" time="0.003" classname="com.qa.testngsessions.InvocationCount"/>
  <testcase name="createUser" time="0.002" classname="com.qa.testngsessions.InvocationCount"/>
  <testcase name="test2" time="0.003" classname="com.qa.testngsessions.PriorityTest"/>
  <testcase name="test3" time="0.005" classname="com.qa.testngsessions.PriorityTest"/>
</testsuite> <!-- Regression test -->
